<?xml version="1.0" encoding="UTF-8"?>
<testsuite xmlns:xsi="http://www.w3.org/2001/XMLSchema-instance" xsi:noNamespaceSchemaLocation="https://maven.apache.org/surefire/maven-surefire-plugin/xsd/surefire-test-report.xsd" name="SerializerTest" time="0.016" tests="2" errors="1" skipped="0" failures="0">
  <properties>
[...]
</properties>
  <testcase name="testSerializeDeserializeObjectWereFieldsHaveEquelTypes" classname="SerializerTest" time="0.016"/>
  <testcase name="testSerializeDeserializeObject" classname="SerializerTest" time="0">
    <error message="Can not set double field entity.User.growth to null value" type="java.lang.IllegalArgumentException">java.lang.IllegalArgumentException: Can not set double field entity.User.growth to null value
	at SerializerTest.testSerializeDeserializeObject(SerializerTest.java:21)
</error>
  </testcase>
</testsuite>